AllThaiTaxi/app/manifest-merger-release-report.txt
-- Merging decision tree log ---
manifest
ADDED from AndroidManifest.xml:2:1
	package
		ADDED from AndroidManifest.xml:3:5
		INJECTED from AndroidManifest.xml:0:0
		INJECTED from AndroidManifest.xml:0:0
	android:versionName
		ADDED from AndroidManifest.xml:5:5
		INJECTED from AndroidManifest.xml:0:0
		INJECTED from AndroidManifest.xml:0:0
	android:versionCode
		ADDED from AndroidManifest.xml:4:5
		INJECTED from AndroidManifest.xml:0:0
		INJECTED from AndroidManifest.xml:0:0
	xmlns:android
		ADDED from AndroidManifest.xml:2:11
uses-sdk
ADDED from AndroidManifest.xml:7:5
MERGED from com.dlazaro66.qrcodereaderview:library-qrcode-front:1.0.0:7:5
MERGED from com.crashlytics.sdk.android:crashlytics:2.5.0:7:5
MERGED from io.fabric.sdk.android:fabric:1.3.5:23:5
MERGED from com.crashlytics.sdk.android:crashlytics-core:2.3.3:7:5
MERGED from com.crashlytics.sdk.android:answers:1.3.0:7:5
MERGED from io.fabric.sdk.android:fabric:1.3.5:23:5
MERGED from com.crashlytics.sdk.android:beta:1.1.3:7:5
MERGED from com.android.support:appcompat-v7:22.2.1:20:5
MERGED from com.android.support:support-v4:22.2.1:20:5
MERGED from com.google.maps.android:android-maps-utils:0.4.3:5:5
MERGED from com.google.android.gms:play-services:8.3.0:18:5
MERGED from com.google.android.gms:play-services-ads:8.3.0:23:5
MERGED from com.google.android.gms:play-services-basement:8.3.0:18:5
MERGED from com.android.support:support-v4:22.2.1:20:5
MERGED from com.google.android.gms:play-services-analytics:8.3.0:18:5
MERGED from com.google.android.gms:play-services-basement:8.3.0:18:5
MERGED from com.android.support:support-v4:22.2.1:20:5
MERGED from com.google.android.gms:play-services-appindexing:8.3.0:18:5
MERGED from com.google.android.gms:play-services-basement:8.3.0:18:5
MERGED from com.android.support:support-v4:22.2.1:20:5
MERGED from com.google.android.gms:play-services-appinvite:8.3.0:18:5
MERGED from com.google.android.gms:play-services-base:8.3.0:18:5
MERGED from com.google.android.gms:play-services-basement:8.3.0:18:5
MERGED from com.android.support:support-v4:22.2.1:20:5
MERGED from com.google.android.gms:play-services-appstate:8.3.0:18:5
MERGED from com.google.android.gms:play-services-base:8.3.0:18:5
MERGED from com.google.android.gms:play-services-basement:8.3.0:18:5
MERGED from com.android.support:support-v4:22.2.1:20:5
MERGED from com.google.android.gms:play-services-auth:8.3.0:18:5
MERGED from com.google.android.gms:play-services-base:8.3.0:18:5
MERGED from com.google.android.gms:play-services-basement:8.3.0:18:5
MERGED from com.android.support:support-v4:22.2.1:20:5
MERGED from com.google.android.gms:play-services-base:8.3.0:18:5
MERGED from com.google.android.gms:play-services-basement:8.3.0:18:5
MERGED from com.android.support:support-v4:22.2.1:20:5
MERGED from com.google.android.gms:play-services-basement:8.3.0:18:5
MERGED from com.android.support:support-v4:22.2.1:20:5
MERGED from com.google.android.gms:play-services-cast:8.3.0:18:5
MERGED from com.google.android.gms:play-services-base:8.3.0:18:5
MERGED from com.google.android.gms:play-services-basement:8.3.0:18:5
MERGED from com.android.support:support-v4:22.2.1:20:5
MERGED from com.android.support:mediarouter-v7:22.2.0:20:5
MERGED from com.android.support:appcompat-v7:22.2.1:20:5
MERGED from com.android.support:support-v4:22.2.1:20:5
MERGED from com.google.android.gms:play-services-drive:8.3.0:18:5
MERGED from com.google.android.gms:play-services-base:8.3.0:18:5
MERGED from com.google.android.gms:play-services-basement:8.3.0:18:5
MERGED from com.android.support:support-v4:22.2.1:20:5
MERGED from com.google.android.gms:play-services-fitness:8.3.0:18:5
MERGED from com.google.android.gms:play-services-base:8.3.0:18:5
MERGED from com.google.android.gms:play-services-basement:8.3.0:18:5
MERGED from com.android.support:support-v4:22.2.1:20:5
MERGED from com.google.android.gms:play-services-location:8.3.0:18:5
MERGED from com.google.android.gms:play-services-base:8.3.0:18:5
MERGED from com.google.android.gms:play-services-basement:8.3.0:18:5
MERGED from com.android.support:support-v4:22.2.1:20:5
MERGED from com.google.android.gms:play-services-maps:8.3.0:26:5
MERGED from com.google.android.gms:play-services-base:8.3.0:18:5
MERGED from com.google.android.gms:play-services-basement:8.3.0:18:5
MERGED from com.android.support:support-v4:22.2.1:20:5
MERGED from com.google.android.gms:play-services-games:8.3.0:18:5
MERGED from com.google.android.gms:play-services-base:8.3.0:18:5
MERGED from com.google.android.gms:play-services-basement:8.3.0:18:5
MERGED from com.android.support:support-v4:22.2.1:20:5
MERGED from com.google.android.gms:play-services-drive:8.3.0:18:5
MERGED from com.google.android.gms:play-services-base:8.3.0:18:5
MERGED from com.google.android.gms:play-services-basement:8.3.0:18:5
MERGED from com.android.support:support-v4:22.2.1:20:5
MERGED from com.google.android.gms:play-services-gcm:8.3.0:18:5
MERGED from com.google.android.gms:play-services-base:8.3.0:18:5
MERGED from com.google.android.gms:play-services-basement:8.3.0:18:5
MERGED from com.android.support:support-v4:22.2.1:20:5
MERGED from com.google.android.gms:play-services-measurement:8.3.0:18:5
MERGED from com.google.android.gms:play-services-basement:8.3.0:18:5
MERGED from com.android.support:support-v4:22.2.1:20:5
MERGED from com.google.android.gms:play-services-identity:8.3.0:18:5
MERGED from com.google.android.gms:play-services-base:8.3.0:18:5
MERGED from com.google.android.gms:play-services-basement:8.3.0:18:5
MERGED from com.android.support:support-v4:22.2.1:20:5
MERGED from com.google.android.gms:play-services-location:8.3.0:18:5
MERGED from com.google.android.gms:play-services-base:8.3.0:18:5
MERGED from com.google.android.gms:play-services-basement:8.3.0:18:5
MERGED from com.android.support:support-v4:22.2.1:20:5
MERGED from com.google.android.gms:play-services-maps:8.3.0:26:5
MERGED from com.google.android.gms:play-services-base:8.3.0:18:5
MERGED from com.google.android.gms:play-services-basement:8.3.0:18:5
MERGED from com.android.support:support-v4:22.2.1:20:5
MERGED from com.google.android.gms:play-services-maps:8.3.0:26:5
MERGED from com.google.android.gms:play-services-base:8.3.0:18:5
MERGED from com.google.android.gms:play-services-basement:8.3.0:18:5
MERGED from com.android.support:support-v4:22.2.1:20:5
MERGED from com.google.android.gms:play-services-measurement:8.3.0:18:5
MERGED from com.google.android.gms:play-services-basement:8.3.0:18:5
MERGED from com.android.support:support-v4:22.2.1:20:5
MERGED from com.google.android.gms:play-services-nearby:8.3.0:18:5
MERGED from com.google.android.gms:play-services-base:8.3.0:18:5
MERGED from com.google.android.gms:play-services-basement:8.3.0:18:5
MERGED from com.android.support:support-v4:22.2.1:20:5
MERGED from com.google.android.gms:play-services-panorama:8.3.0:18:5
MERGED from com.google.android.gms:play-services-base:8.3.0:18:5
MERGED from com.google.android.gms:play-services-basement:8.3.0:18:5
MERGED from com.android.support:support-v4:22.2.1:20:5
MERGED from com.google.android.gms:play-services-plus:8.3.0:18:5
MERGED from com.google.android.gms:play-services-base:8.3.0:18:5
MERGED from com.google.android.gms:play-services-basement:8.3.0:18:5
MERGED from com.android.support:support-v4:22.2.1:20:5
MERGED from com.google.android.gms:play-services-safetynet:8.3.0:18:5
MERGED from com.google.android.gms:play-services-base:8.3.0:18:5
MERGED from com.google.android.gms:play-services-basement:8.3.0:18:5
MERGED from com.android.support:support-v4:22.2.1:20:5
MERGED from com.google.android.gms:play-services-vision:8.3.0:4:5
MERGED from com.google.android.gms:play-services-base:8.3.0:18:5
MERGED from com.google.android.gms:play-services-basement:8.3.0:18:5
MERGED from com.android.support:support-v4:22.2.1:20:5
MERGED from com.google.android.gms:play-services-wallet:8.3.0:19:5
MERGED from com.google.android.gms:play-services-base:8.3.0:18:5
MERGED from com.google.android.gms:play-services-basement:8.3.0:18:5
MERGED from com.android.support:support-v4:22.2.1:20:5
MERGED from com.google.android.gms:play-services-identity:8.3.0:18:5
MERGED from com.google.android.gms:play-services-base:8.3.0:18:5
MERGED from com.google.android.gms:play-services-basement:8.3.0:18:5
MERGED from com.android.support:support-v4:22.2.1:20:5
MERGED from com.google.android.gms:play-services-maps:8.3.0:26:5
MERGED from com.google.android.gms:play-services-base:8.3.0:18:5
MERGED from com.google.android.gms:play-services-basement:8.3.0:18:5
MERGED from com.android.support:support-v4:22.2.1:20:5
MERGED from com.google.android.gms:play-services-wearable:8.3.0:18:5
MERGED from com.google.android.gms:play-services-base:8.3.0:18:5
MERGED from com.google.android.gms:play-services-basement:8.3.0:18:5
MERGED from com.android.support:support-v4:22.2.1:20:5
	android:targetSdkVersion
		ADDED from AndroidManifest.xml:9:9
		INJECTED from AndroidManifest.xml:0:0
		INJECTED from AndroidManifest.xml:0:0
	android:minSdkVersion
		ADDED from AndroidManifest.xml:8:9
		INJECTED from AndroidManifest.xml:0:0
		INJECTED from AndroidManifest.xml:0:0
uses-permission#android.permission.INTERNET
ADDED from AndroidManifest.xml:11:5
MERGED from com.crashlytics.sdk.android:crashlytics:2.5.0:9:5
MERGED from com.crashlytics.sdk.android:crashlytics-core:2.3.3:9:5
MERGED from com.google.android.gms:play-services-ads:8.3.0:20:5
MERGED from com.google.android.gms:play-services-analytics:8.3.0:21:5
MERGED from com.google.android.gms:play-services-appinvite:8.3.0:19:5
MERGED from com.google.android.gms:play-services-maps:8.3.0:21:5
MERGED from com.google.android.gms:play-services-gcm:8.3.0:22:5
MERGED from com.google.android.gms:play-services-measurement:8.3.0:21:5
MERGED from com.google.android.gms:play-services-maps:8.3.0:21:5
MERGED from com.google.android.gms:play-services-maps:8.3.0:21:5
MERGED from com.google.android.gms:play-services-measurement:8.3.0:21:5
MERGED from com.google.android.gms:play-services-wallet:8.3.0:20:5
MERGED from com.google.android.gms:play-services-maps:8.3.0:21:5
	android:name
		ADDED from AndroidManifest.xml:11:22
uses-permission#android.permission.CALL_PHONE
ADDED from AndroidManifest.xml:12:5
	android:name
		ADDED from AndroidManifest.xml:12:22
uses-permission#android.permission.WAKE_LOCK
ADDED from AndroidManifest.xml:13:5
MERGED from com.google.android.gms:play-services-measurement:8.3.0:24:5
MERGED from com.google.android.gms:play-services-measurement:8.3.0:24:5
	android:name
		ADDED from AndroidManifest.xml:13:22
uses-permission#android.permission.ACCESS_GPS
ADDED from AndroidManifest.xml:14:5
	android:name
		ADDED from AndroidManifest.xml:14:22
uses-permission#android.permission.GET_ACCOUNTS
ADDED from AndroidManifest.xml:15:5
MERGED from com.google.android.gms:play-services-wallet:8.3.0:21:5
	android:name
		ADDED from AndroidManifest.xml:15:22
uses-permission#android.permission.USE_CREDENTIALS
ADDED from AndroidManifest.xml:16:5
MERGED from com.google.android.gms:play-services-wallet:8.3.0:22:5
	android:name
		ADDED from AndroidManifest.xml:16:22
uses-permission#android.permission.ACCESS_LOCATION
ADDED from AndroidManifest.xml:17:5
	android:name
		ADDED from AndroidManifest.xml:17:22
uses-permission#android.permission.READ_PHONE_STATE
ADDED from AndroidManifest.xml:18:5
	android:name
		ADDED from AndroidManifest.xml:18:22
uses-permission#android.permission.ACCESS_WIFI_STATE
ADDED from AndroidManifest.xml:19:5
	android:name
		ADDED from AndroidManifest.xml:19:22
uses-permission#android.permission.ACCESS_NETWORK_STATE
ADDED from AndroidManifest.xml:20:5
MERGED from com.google.android.gms:play-services-ads:8.3.0:21:5
MERGED from com.google.android.gms:play-services-analytics:8.3.0:22:5
MERGED from com.google.android.gms:play-services-maps:8.3.0:20:5
MERGED from com.google.android.gms:play-services-measurement:8.3.0:22:5
MERGED from com.google.android.gms:play-services-maps:8.3.0:20:5
MERGED from com.google.android.gms:play-services-maps:8.3.0:20:5
MERGED from com.google.android.gms:play-services-measurement:8.3.0:22:5
MERGED from com.google.android.gms:play-services-nearby:8.3.0:19:5
MERGED from com.google.android.gms:play-services-maps:8.3.0:20:5
	android:name
		ADDED from AndroidManifest.xml:20:22
uses-permission#android.permission.ACCESS_FINE_LOCATION
ADDED from AndroidManifest.xml:21:5
	android:name
		ADDED from AndroidManifest.xml:21:22
uses-permission#android.permission.RECEIVE_BOOT_COMPLETED
ADDED from AndroidManifest.xml:22:5
	android:name
		ADDED from AndroidManifest.xml:22:22
uses-permission#android.permission.ACCESS_COARSE_LOCATION
ADDED from AndroidManifest.xml:23:5
	android:name
		ADDED from AndroidManifest.xml:23:22
uses-permission#android.permission.WRITE_EXTERNAL_STORAGE
ADDED from AndroidManifest.xml:24:5
	android:name
		ADDED from AndroidManifest.xml:24:22
uses-permission#android.permission.READ_EXTERNAL_STORAGE
ADDED from AndroidManifest.xml:25:5
	android:name
		ADDED from AndroidManifest.xml:25:22
uses-permission#android.permission.CHANGE_WIFI_MULTICAST_STATE
ADDED from AndroidManifest.xml:26:5
	android:name
		ADDED from AndroidManifest.xml:26:22
uses-permission#com.google.android.providers.gsf.permission.READ_GSERVICES
ADDED from AndroidManifest.xml:27:5
	android:name
		ADDED from AndroidManifest.xml:27:22
application
ADDED from AndroidManifest.xml:31:5
MERGED from com.crashlytics.sdk.android:crashlytics:2.5.0:11:5
MERGED from io.fabric.sdk.android:fabric:1.3.5:25:5
MERGED from com.crashlytics.sdk.android:crashlytics-core:2.3.3:11:5
MERGED from com.crashlytics.sdk.android:answers:1.3.0:9:5
MERGED from io.fabric.sdk.android:fabric:1.3.5:25:5
MERGED from com.crashlytics.sdk.android:beta:1.1.3:9:5
MERGED from com.android.support:appcompat-v7:22.2.1:22:5
MERGED from com.android.support:support-v4:22.2.1:22:5
MERGED from com.google.maps.android:android-maps-utils:0.4.3:7:5
MERGED from com.google.android.gms:play-services:8.3.0:19:5
MERGED from com.google.android.gms:play-services-ads:8.3.0:24:5
MERGED from com.google.android.gms:play-services-basement:8.3.0:20:5
MERGED from com.android.support:support-v4:22.2.1:22:5
MERGED from com.google.android.gms:play-services-analytics:8.3.0:24:5
MERGED from com.google.android.gms:play-services-basement:8.3.0:20:5
MERGED from com.android.support:support-v4:22.2.1:22:5
MERGED from com.google.android.gms:play-services-appindexing:8.3.0:19:5
MERGED from com.google.android.gms:play-services-basement:8.3.0:20:5
MERGED from com.android.support:support-v4:22.2.1:22:5
MERGED from com.google.android.gms:play-services-appinvite:8.3.0:20:5
MERGED from com.google.android.gms:play-services-basement:8.3.0:20:5
MERGED from com.android.support:support-v4:22.2.1:22:5
MERGED from com.google.android.gms:play-services-appstate:8.3.0:19:5
MERGED from com.google.android.gms:play-services-basement:8.3.0:20:5
MERGED from com.android.support:support-v4:22.2.1:22:5
MERGED from com.google.android.gms:play-services-auth:8.3.0:20:5
MERGED from com.google.android.gms:play-services-basement:8.3.0:20:5
MERGED from com.android.support:support-v4:22.2.1:22:5
MERGED from com.google.android.gms:play-services-basement:8.3.0:20:5
MERGED from com.android.support:support-v4:22.2.1:22:5
MERGED from com.google.android.gms:play-services-basement:8.3.0:20:5
MERGED from com.android.support:support-v4:22.2.1:22:5
MERGED from com.google.android.gms:play-services-cast:8.3.0:19:5
MERGED from com.google.android.gms:play-services-basement:8.3.0:20:5
MERGED from com.android.support:support-v4:22.2.1:22:5
MERGED from com.android.support:mediarouter-v7:22.2.0:22:5
MERGED from com.android.support:appcompat-v7:22.2.1:22:5
MERGED from com.android.support:support-v4:22.2.1:22:5
MERGED from com.google.android.gms:play-services-drive:8.3.0:19:5
MERGED from com.google.android.gms:play-services-basement:8.3.0:20:5
MERGED from com.android.support:support-v4:22.2.1:22:5
MERGED from com.google.android.gms:play-services-fitness:8.3.0:19:5
MERGED from com.google.android.gms:play-services-basement:8.3.0:20:5
MERGED from com.android.support:support-v4:22.2.1:22:5
MERGED from com.google.android.gms:play-services-location:8.3.0:19:5
MERGED from com.google.android.gms:play-services-basement:8.3.0:20:5
MERGED from com.android.support:support-v4:22.2.1:22:5
MERGED from com.google.android.gms:play-services-maps:8.3.0:27:5
MERGED from com.google.android.gms:play-services-basement:8.3.0:20:5
MERGED from com.android.support:support-v4:22.2.1:22:5
MERGED from com.google.android.gms:play-services-games:8.3.0:19:5
MERGED from com.google.android.gms:play-services-basement:8.3.0:20:5
MERGED from com.android.support:support-v4:22.2.1:22:5
MERGED from com.google.android.gms:play-services-drive:8.3.0:19:5
MERGED from com.google.android.gms:play-services-basement:8.3.0:20:5
MERGED from com.android.support:support-v4:22.2.1:22:5
MERGED from com.google.android.gms:play-services-gcm:8.3.0:24:5
MERGED from com.google.android.gms:play-services-basement:8.3.0:20:5
MERGED from com.android.support:support-v4:22.2.1:22:5
MERGED from com.google.android.gms:play-services-measurement:8.3.0:26:5
MERGED from com.google.android.gms:play-services-basement:8.3.0:20:5
MERGED from com.android.support:support-v4:22.2.1:22:5
MERGED from com.google.android.gms:play-services-identity:8.3.0:19:5
MERGED from com.google.android.gms:play-services-basement:8.3.0:20:5
MERGED from com.android.support:support-v4:22.2.1:22:5
MERGED from com.google.android.gms:play-services-location:8.3.0:19:5
MERGED from com.google.android.gms:play-services-basement:8.3.0:20:5
MERGED from com.android.support:support-v4:22.2.1:22:5
MERGED from com.google.android.gms:play-services-maps:8.3.0:27:5
MERGED from com.google.android.gms:play-services-basement:8.3.0:20:5
MERGED from com.android.support:support-v4:22.2.1:22:5
MERGED from com.google.android.gms:play-services-maps:8.3.0:27:5
MERGED from com.google.android.gms:play-services-basement:8.3.0:20:5
MERGED from com.android.support:support-v4:22.2.1:22:5
MERGED from com.google.android.gms:play-services-measurement:8.3.0:26:5
MERGED from com.google.android.gms:play-services-basement:8.3.0:20:5
MERGED from com.android.support:support-v4:22.2.1:22:5
MERGED from com.google.android.gms:play-services-nearby:8.3.0:20:5
MERGED from com.google.android.gms:play-services-basement:8.3.0:20:5
MERGED from com.android.support:support-v4:22.2.1:22:5
MERGED from com.google.android.gms:play-services-panorama:8.3.0:19:5
MERGED from com.google.android.gms:play-services-basement:8.3.0:20:5
MERGED from com.android.support:support-v4:22.2.1:22:5
MERGED from com.google.android.gms:play-services-plus:8.3.0:19:5
MERGED from com.google.android.gms:play-services-basement:8.3.0:20:5
MERGED from com.android.support:support-v4:22.2.1:22:5
MERGED from com.google.android.gms:play-services-safetynet:8.3.0:19:5
MERGED from com.google.android.gms:play-services-basement:8.3.0:20:5
MERGED from com.android.support:support-v4:22.2.1:22:5
MERGED from com.google.android.gms:play-services-vision:8.3.0:5:5
MERGED from com.google.android.gms:play-services-basement:8.3.0:20:5
MERGED from com.android.support:support-v4:22.2.1:22:5
MERGED from com.google.android.gms:play-services-basement:8.3.0:20:5
MERGED from com.android.support:support-v4:22.2.1:22:5
MERGED from com.google.android.gms:play-services-identity:8.3.0:19:5
MERGED from com.google.android.gms:play-services-basement:8.3.0:20:5
MERGED from com.android.support:support-v4:22.2.1:22:5
MERGED from com.google.android.gms:play-services-maps:8.3.0:27:5
MERGED from com.google.android.gms:play-services-basement:8.3.0:20:5
MERGED from com.android.support:support-v4:22.2.1:22:5
MERGED from com.google.android.gms:play-services-wearable:8.3.0:19:5
MERGED from com.google.android.gms:play-services-basement:8.3.0:20:5
MERGED from com.android.support:support-v4:22.2.1:22:5
	android:label
		ADDED from AndroidManifest.xml:34:9
	android:manageSpaceActivity
		ADDED from AndroidManifest.xml:36:9
	android:allowBackup
		ADDED from AndroidManifest.xml:32:9
	android:icon
		ADDED from AndroidManifest.xml:33:9
	android:largeHeap
		ADDED from AndroidManifest.xml:35:9
	android:theme
		ADDED from AndroidManifest.xml:37:9
meta-data#com.google.android.geo.API_KEY
ADDED from AndroidManifest.xml:42:9
	android:value
		ADDED from AndroidManifest.xml:44:13
	android:name
		ADDED from AndroidManifest.xml:43:13
activity#com.infratrans.taxi.onboard.SplashActivity
ADDED from AndroidManifest.xml:46:9
	android:screenOrientation
		ADDED from AndroidManifest.xml:48:13
	android:name
		ADDED from AndroidManifest.xml:47:13
intent-filter#android.intent.action.MAIN+android.intent.category.LAUNCHER
ADDED from AndroidManifest.xml:49:13
action#android.intent.action.MAIN
ADDED from AndroidManifest.xml:50:17
	android:name
		ADDED from AndroidManifest.xml:50:25
category#android.intent.category.LAUNCHER
ADDED from AndroidManifest.xml:52:17
	android:name
		ADDED from AndroidManifest.xml:52:27
activity#com.infratrans.taxi.onboard.MapsActivity
ADDED from AndroidManifest.xml:55:9
	android:screenOrientation
		ADDED from AndroidManifest.xml:58:13
	android:label
		ADDED from AndroidManifest.xml:57:13
	android:name
		ADDED from AndroidManifest.xml:56:13
activity#com.infratrans.taxi.onboard.LoginActivity
ADDED from AndroidManifest.xml:59:9
	android:screenOrientation
		ADDED from AndroidManifest.xml:62:13
	android:label
		ADDED from AndroidManifest.xml:61:13
	android:name
		ADDED from AndroidManifest.xml:60:13
activity#com.infratrans.taxi.onboard.HomeActivity
ADDED from AndroidManifest.xml:63:9
	android:screenOrientation
		ADDED from AndroidManifest.xml:66:13
	android:label
		ADDED from AndroidManifest.xml:65:13
	android:name
		ADDED from AndroidManifest.xml:64:13
service#com.infratrans.taxi.onboard.services.JobTracking
ADDED from AndroidManifest.xml:73:9
	android:name
		ADDED from AndroidManifest.xml:73:18
service#com.infratrans.taxi.onboard.services.TaxiStatusTracking
ADDED from AndroidManifest.xml:74:9
	android:name
		ADDED from AndroidManifest.xml:74:18
service#com.infratrans.taxi.onboard.services.LocationService
ADDED from AndroidManifest.xml:75:9
	android:name
		ADDED from AndroidManifest.xml:75:18
service#com.infratrans.taxi.onboard.services.DownloadService
ADDED from AndroidManifest.xml:76:9
	android:name
		ADDED from AndroidManifest.xml:76:18
meta-data#com.google.android.gms.version
ADDED from AndroidManifest.xml:78:9
MERGED from com.google.maps.android:android-maps-utils:0.4.3:8:9
MERGED from com.google.android.gms:play-services-basement:8.3.0:21:9
MERGED from com.google.android.gms:play-services-basement:8.3.0:21:9
MERGED from com.google.android.gms:play-services-basement:8.3.0:21:9
MERGED from com.google.android.gms:play-services-basement:8.3.0:21:9
MERGED from com.google.android.gms:play-services-basement:8.3.0:21:9
MERGED from com.google.android.gms:play-services-basement:8.3.0:21:9
MERGED from com.google.android.gms:play-services-basement:8.3.0:21:9
MERGED from com.google.android.gms:play-services-basement:8.3.0:21:9
MERGED from com.google.android.gms:play-services-basement:8.3.0:21:9
MERGED from com.google.android.gms:play-services-basement:8.3.0:21:9
MERGED from com.google.android.gms:play-services-basement:8.3.0:21:9
MERGED from com.google.android.gms:play-services-basement:8.3.0:21:9
MERGED from com.google.android.gms:play-services-basement:8.3.0:21:9
MERGED from com.google.android.gms:play-services-basement:8.3.0:21:9
MERGED from com.google.android.gms:play-services-basement:8.3.0:21:9
MERGED from com.google.android.gms:play-services-basement:8.3.0:21:9
MERGED from com.google.android.gms:play-services-basement:8.3.0:21:9
MERGED from com.google.android.gms:play-services-basement:8.3.0:21:9
MERGED from com.google.android.gms:play-services-basement:8.3.0:21:9
MERGED from com.google.android.gms:play-services-basement:8.3.0:21:9
MERGED from com.google.android.gms:play-services-basement:8.3.0:21:9
MERGED from com.google.android.gms:play-services-basement:8.3.0:21:9
MERGED from com.google.android.gms:play-services-basement:8.3.0:21:9
MERGED from com.google.android.gms:play-services-basement:8.3.0:21:9
MERGED from com.google.android.gms:play-services-basement:8.3.0:21:9
MERGED from com.google.android.gms:play-services-basement:8.3.0:21:9
MERGED from com.google.android.gms:play-services-basement:8.3.0:21:9
MERGED from com.google.android.gms:play-services-basement:8.3.0:21:9
MERGED from com.google.android.gms:play-services-basement:8.3.0:21:9
MERGED from com.google.android.gms:play-services-basement:8.3.0:21:9
MERGED from com.google.android.gms:play-services-basement:8.3.0:21:9
	android:value
		ADDED from AndroidManifest.xml:80:13
	android:name
		ADDED from AndroidManifest.xml:79:13
meta-data#com.crashlytics.ApiKey
ADDED from AndroidManifest.xml:81:9
	android:value
		ADDED from AndroidManifest.xml:83:13
	android:name
		ADDED from AndroidManifest.xml:82:13
meta-data#io.fabric.ApiKey
ADDED from AndroidManifest.xml:84:9
	android:value
		ADDED from AndroidManifest.xml:86:13
	android:name
		ADDED from AndroidManifest.xml:85:13
uses-permission#android.permission.CAMERA
ADDED from com.dlazaro66.qrcodereaderview:library-qrcode-front:1.0.0:11:5
	android:name
		ADDED from com.dlazaro66.qrcodereaderview:library-qrcode-front:1.0.0:11:22
activity#com.google.android.gms.ads.AdActivity
ADDED from com.google.android.gms:play-services-ads:8.3.0:26:9
	android:configChanges
		ADDED from com.google.android.gms:play-services-ads:8.3.0:28:13
	android:theme
		ADDED from com.google.android.gms:play-services-ads:8.3.0:29:13
	android:name
		ADDED from com.google.android.gms:play-services-ads:8.3.0:27:13
activity#com.google.android.gms.ads.purchase.InAppPurchaseActivity
ADDED from com.google.android.gms:play-services-ads:8.3.0:30:9
	android:theme
		ADDED from com.google.android.gms:play-services-ads:8.3.0:31:13
	android:name
		ADDED from com.google.android.gms:play-services-ads:8.3.0:30:19
activity#com.google.android.gms.auth.api.signin.internal.SignInHubActivity
ADDED from com.google.android.gms:play-services-auth:8.3.0:21:9
	android:excludeFromRecents
		ADDED from com.google.android.gms:play-services-auth:8.3.0:23:19
	android:exported
		ADDED from com.google.android.gms:play-services-auth:8.3.0:24:19
	android:theme
		ADDED from com.google.android.gms:play-services-auth:8.3.0:22:19
	android:name
		ADDED from com.google.android.gms:play-services-auth:8.3.0:21:19
uses-feature#0x00020000
ADDED from com.google.android.gms:play-services-maps:8.3.0:22:5
MERGED from com.google.android.gms:play-services-maps:8.3.0:22:5
MERGED from com.google.android.gms:play-services-maps:8.3.0:22:5
MERGED from com.google.android.gms:play-services-maps:8.3.0:22:5
	android:glEsVersion
		ADDED from com.google.android.gms:play-services-maps:8.3.0:23:8
	android:required
		ADDED from com.google.android.gms:play-services-maps:8.3.0:24:8
uses-permission#com.google.android.c2dm.permission.RECEIVE
ADDED from com.google.android.gms:play-services-gcm:8.3.0:21:5
	android:name
		ADDED from com.google.android.gms:play-services-gcm:8.3.0:21:22
provider#com.google.android.gms.measurement.AppMeasurementContentProvider
ADDED from com.google.android.gms:play-services-measurement:8.3.0:28:7
MERGED from com.google.android.gms:play-services-measurement:8.3.0:28:7
	android:authorities
		ADDED from com.google.android.gms:play-services-measurement:8.3.0:29:11
	android:exported
		ADDED from com.google.android.gms:play-services-measurement:8.3.0:31:11
	android:name
		ADDED from com.google.android.gms:play-services-measurement:8.3.0:30:11
receiver#com.google.android.gms.measurement.AppMeasurementReceiver
ADDED from com.google.android.gms:play-services-measurement:8.3.0:33:7
MERGED from com.google.android.gms:play-services-measurement:8.3.0:33:7
	android:enabled
		ADDED from com.google.android.gms:play-services-measurement:8.3.0:35:11
	android:name
		ADDED from com.google.android.gms:play-services-measurement:8.3.0:34:11
intent-filter#com.google.android.gms.measurement.UPLOAD
ADDED from com.google.android.gms:play-services-measurement:8.3.0:36:9
action#com.google.android.gms.measurement.UPLOAD
ADDED from com.google.android.gms:play-services-measurement:8.3.0:37:11
	android:name
		ADDED from com.google.android.gms:play-services-measurement:8.3.0:37:19
service#com.google.android.gms.measurement.AppMeasurementService
ADDED from com.google.android.gms:play-services-measurement:8.3.0:41:7
MERGED from com.google.android.gms:play-services-measurement:8.3.0:41:7
	android:enabled
		ADDED from com.google.android.gms:play-services-measurement:8.3.0:43:11
	android:exported
		ADDED from com.google.android.gms:play-services-measurement:8.3.0:44:11
	android:name
		ADDED from com.google.android.gms:play-services-measurement:8.3.0:42:11